[2m[14:13:12][0m   signer: tz1QtpR6hraURtjP9V1rMMYnrqfyaicJFPWv (from TXL_ORACLE_MNEMONIC_MAINNET)
[2m[14:13:13][0m [33m![0m war: no usable contract address (looked up WAR_CONTRACT_ADDRESS_MAINNET in constants.js, got 'KT1XXXXXXXXXXXXXXXXXXXXXXXXXXXXXXXXXX'). Skipping.
[2m[14:13:13][0m [33m![0m reversi: no usable contract address (looked up REVERSI_CONTRACT_ADDRESS_MAINNET in constants.js, got 'KT1XXXXXXXXXXXXXXXXXXXXXXXXXXXXXXXXXX'). Skipping.
[2m[14:13:13][0m [33m![0m chess: no usable contract address (looked up CHESS_CONTRACT_ADDRESS_MAINNET in constants.js, got 'KT1XXXXXXXXXXXXXXXXXXXXXXXXXXXXXXXXXX'). Skipping.

[36m─── Oracle worker ───[0m
[2m[14:13:13][0m   Network:  mainnet
[2m[14:13:13][0m   RPC:      https://mainnet.tezos.ecadinfra.com
[2m[14:13:13][0m     • oracle-committer KT1H3RJBs3SjoLyFRG3Q6LXMGtm4n5wJGa4N
[2m[14:13:13][0m       https://tzkt.io/KT1H3RJBs3SjoLyFRG3Q6LXMGtm4n5wJGa4N
[2m[14:13:13][0m     • randomness  KT1H3RJBs3SjoLyFRG3Q6LXMGtm4n5wJGa4N
[2m[14:13:13][0m       https://tzkt.io/KT1H3RJBs3SjoLyFRG3Q6LXMGtm4n5wJGa4N
[2m[14:13:13][0m     • squares     KT1Jojs8aSxzJQAXiEXusNataWmxaHmiQPh5
[2m[14:13:13][0m       https://tzkt.io/KT1Jojs8aSxzJQAXiEXusNataWmxaHmiQPh5
[2m[14:13:13][0m   Poll:     every 5s   (--once to do one cycle and exit)
[2m[14:13:13][0m   Mode:     live
[2m[14:13:13][0m   
[2m[14:13:13][0m   Worker key:    tz1QtpR6hraURtjP9V1rMMYnrqfyaicJFPWv
[2m[14:13:13][0m   Worker balance: 9.5330 ꜩ
[2m[14:13:13][0m   
[2m[14:13:13][0m [32m✓[0m oracle-committer: authorised as oracle (tz1QtpR6hraURtjP9V1rMMYnrqfyaicJFPWv)
[2m[14:13:14][0m [32m✓[0m randomness: authorised as oracle (tz1QtpR6hraURtjP9V1rMMYnrqfyaicJFPWv)
[2m[14:13:14][0m [33m![0m squares: not authorised (storage.oracle = tz1zu2rlw7ugy8xxz49cckihny86zs6tdq8q, my key = tz1QtpR6hraURtjP9V1rMMYnrqfyaicJFPWv). Skipping.
[2m[14:13:14][0m   [oracle-committer] submitting  postCommit hash=0x17280ceeb6…  (expected cid 3, 1 unrevealed)
[2m[14:13:22][0m [32m✓[0m   confirmed — opMDveG6CEHw5uMjmcLMPztVY6z2KEPyDd5EkokHfQqV8aK4Zbx
[2m[14:13:22][0m     https://tzkt.io/opMDveG6CEHw5uMjmcLMPztVY6z2KEPyDd5EkokHfQqV8aK4Zbx
[2m[14:13:22][0m   [randomness] submitting  revealCommit(1)  (unblocks req 2 + others bound to this commit)
[2m[14:13:27][0m [32m✓[0m   confirmed — onoXcWQEHkkiBSJcJy9X6H1nbuUZntCi6Q817ViDgz62SbYfNYw
[2m[14:13:27][0m     https://tzkt.io/onoXcWQEHkkiBSJcJy9X6H1nbuUZntCi6Q817ViDgz62SbYfNYw
[2m[14:13:33][0m   [oracle-committer] submitting  postCommit hash=0xb88ade2750…  (expected cid 4, 1 unrevealed)
[2m[14:13:39][0m [32m✓[0m   confirmed — oo2zgGn2SA7CvohWR4sc48PjvZ7SRKVhuVG1oBdFvTtrTwsno3A
[2m[14:13:39][0m     https://tzkt.io/oo2zgGn2SA7CvohWR4sc48PjvZ7SRKVhuVG1oBdFvTtrTwsno3A
[2m[14:13:39][0m   [randomness] submitting  req   2 → fulfillRandom (bound commit 1 already revealed)
[2m[14:13:45][0m [32m✓[0m   confirmed — oommC1TzBzuMBFK3Q3wUu5vyVMfSUHUb7PTYy1bKkU5s9dQ9DrH
[2m[14:13:45][0m     https://tzkt.io/oommC1TzBzuMBFK3Q3wUu5vyVMfSUHUb7PTYy1bKkU5s9dQ9DrH
[2m[14:13:50][0m   [oracle-committer] submitting  postCommit hash=0xc0199fe212…  (expected cid 5, 2 unrevealed)
[2m[14:13:56][0m [32m✓[0m   confirmed — onuTaeEyw6kVJznSNn57ZwGRMic6mfEL3vnGuZtx3P3Jto4eC81
[2m[14:13:56][0m     https://tzkt.io/onuTaeEyw6kVJznSNn57ZwGRMic6mfEL3vnGuZtx3P3Jto4eC81
[2m[14:14:29][0m   [randomness] submitting  revealCommit(5)  (unblocks req 3 + others bound to this commit)
[2m[14:14:34][0m [32m✓[0m   confirmed — onmzCTtyJDJnyWwApaCJgsJHSty1fHaUyZHdMxmrGur76TNTCRq
[2m[14:14:34][0m     https://tzkt.io/onmzCTtyJDJnyWwApaCJgsJHSty1fHaUyZHdMxmrGur76TNTCRq
[2m[14:14:39][0m   [oracle-committer] submitting  postCommit hash=0x0ed95d0627…  (expected cid 6, 2 unrevealed)
[2m[14:14:40][0m [31m✗[0m   submit failed: ({'id': 'failure',
  'kind': 'temporary',
  'msg': 'Error while validating injected operation '
         'ooXrT86rrqT1Lnm59fyRDLhqsPnffoQn5NgKst4GDFvjoi9cbCL:\n'
         'Error:\n'
         '  The op
[2m[14:14:40][0m   [randomness] submitting  req   3 → fulfillRandom (bound commit 5 already revealed)
[2m[14:14:41][0m [31m✗[0m   submit failed: ({'id': 'failure',
  'kind': 'temporary',
  'msg': 'Error while validating injected operation '
         'ooe7c1aPNnJ3fGCuMpYVAc9NhrnBrrEGutU8N4xxxug6CLsGafs:\n'
         'Error:\n'
         '  The op
[2m[14:14:47][0m   [randomness] submitting  req   3 → fulfillRandom (bound commit 5 already revealed)
[2m[14:14:51][0m [32m✓[0m   confirmed — ooKePXNER1QqqJBtUMwt2f6FASjiABAEpqkWQ6334WQTFSy5RGs
[2m[14:14:51][0m     https://tzkt.io/ooKePXNER1QqqJBtUMwt2f6FASjiABAEpqkWQ6334WQTFSy5RGs
[2m[14:16:37][0m   [randomness] submitting  revealCommit(6)  (unblocks req 4 + others bound to this commit)
[2m[14:16:39][0m [32m✓[0m   confirmed — opRpzQRU337Wjzp5X3gYD8T3FikXAppfjMsm1RJNHxCn1RVN2tC
[2m[14:16:39][0m     https://tzkt.io/opRpzQRU337Wjzp5X3gYD8T3FikXAppfjMsm1RJNHxCn1RVN2tC
[2m[14:16:44][0m   [oracle-committer] submitting  postCommit hash=0x3aa809c993…  (expected cid 7, 2 unrevealed)
[2m[14:16:52][0m [32m✓[0m   confirmed — oo6oApf7hSXrc9MMCAniHHdBMhiJihHvBWjMBDskz7KSVqfajhm
[2m[14:16:52][0m     https://tzkt.io/oo6oApf7hSXrc9MMCAniHHdBMhiJihHvBWjMBDskz7KSVqfajhm
[2m[14:16:52][0m   [randomness] submitting  req   4 → fulfillRandom (bound commit 6 already revealed)
[2m[14:17:04][0m [32m✓[0m   confirmed — oofmDq7Vuwy9LzCDa6UwCJZP9mhoqnMtdkKN9GhZuLRqj8zR7Ya
[2m[14:17:04][0m     https://tzkt.io/oofmDq7Vuwy9LzCDa6UwCJZP9mhoqnMtdkKN9GhZuLRqj8zR7Ya
[2m[14:17:54][0m   [randomness] submitting  revealCommit(7)  (unblocks req 5 + others bound to this commit)
[2m[14:18:03][0m [32m✓[0m   confirmed — ooqJ79te4N4vNj21BDjB8JWKiSGXytgEnD7MshunLGjCRqSJAPL
[2m[14:18:03][0m     https://tzkt.io/ooqJ79te4N4vNj21BDjB8JWKiSGXytgEnD7MshunLGjCRqSJAPL
[2m[14:18:08][0m   [oracle-committer] submitting  postCommit hash=0x9a6db28503…  (expected cid 8, 2 unrevealed)
[2m[14:18:16][0m [32m✓[0m   confirmed — ooB4gBx9BBAJ6nWoyKe66HzXzM4E1cuSQjQHjQnwBjLRdA2syib
[2m[14:18:16][0m     https://tzkt.io/ooB4gBx9BBAJ6nWoyKe66HzXzM4E1cuSQjQHjQnwBjLRdA2syib
[2m[14:18:16][0m   [randomness] submitting  req   5 → fulfillRandom (bound commit 7 already revealed)
[2m[14:18:27][0m [32m✓[0m   confirmed — opRwfzJPhZGYvB2pjL5gzQYTHsejsLiWGD7aRWWqQJUpwHNFM4T
[2m[14:18:27][0m     https://tzkt.io/opRwfzJPhZGYvB2pjL5gzQYTHsejsLiWGD7aRWWqQJUpwHNFM4T
[2m[14:18:38][0m   [randomness] submitting  revealCommit(8)  (unblocks req 6 + others bound to this commit)
[2m[14:18:45][0m [32m✓[0m   confirmed — ooERs7w515HgEFWk1jrxkALWDe4FcU7UC3hpxDYk3yrii7dXX9H
[2m[14:18:45][0m     https://tzkt.io/ooERs7w515HgEFWk1jrxkALWDe4FcU7UC3hpxDYk3yrii7dXX9H
[2m[14:18:50][0m   [oracle-committer] submitting  postCommit hash=0x3bebced20f…  (expected cid 9, 2 unrevealed)
[2m[14:18:57][0m [32m✓[0m   confirmed — onkKBGJx8fJm6ve6CpoKfGmd8kXT61V7QEtkC37aJtZu6bfj8tA
[2m[14:18:57][0m     https://tzkt.io/onkKBGJx8fJm6ve6CpoKfGmd8kXT61V7QEtkC37aJtZu6bfj8tA
[2m[14:18:57][0m   [randomness] submitting  req   6 → fulfillRandom (bound commit 8 already revealed)
[2m[14:19:03][0m [32m✓[0m   confirmed — oo8vwf9vWhX9kksjGJAe4My2EhdUeRecsQjxVek54gotKQfyBrJ
[2m[14:19:03][0m     https://tzkt.io/oo8vwf9vWhX9kksjGJAe4My2EhdUeRecsQjxVek54gotKQfyBrJ
[2m[14:20:29][0m   [randomness] submitting  revealCommit(9)  (unblocks req 7 + others bound to this commit)
[2m[14:20:34][0m [32m✓[0m   confirmed — ooiBA4YfS9mCXRDPRKbXtECeobQvoeH8Ab74KDorfyWL7Y8XfUL
[2m[14:20:34][0m     https://tzkt.io/ooiBA4YfS9mCXRDPRKbXtECeobQvoeH8Ab74KDorfyWL7Y8XfUL
[2m[14:20:39][0m   [oracle-committer] submitting  postCommit hash=0xdcdf3452b3…  (expected cid 10, 2 unrevealed)
[2m[14:20:41][0m [31m✗[0m   submit failed: ({'id': 'failure',
  'kind': 'temporary',
  'msg': 'Error while validating injected operation '
         'opSp2aMC7VjpKp1EqsXXo5PejsHZvc73T2ychQFaQRDTBAP9Ehm:\n'
         'Error:\n'
         '  The op
[2m[14:20:41][0m   [randomness] submitting  req   7 → fulfillRandom (bound commit 9 already revealed)
[2m[14:20:42][0m [31m✗[0m   submit failed: ({'id': 'failure',
  'kind': 'temporary',
  'msg': 'Error while validating injected operation '
         'oooT68kgu5Yu8u4ZSKgw7upNNsR1FqC1gJ5YobYEWsmzYju1M4k:\n'
         'Error:\n'
         '  The op
[2m[14:20:47][0m   [randomness] submitting  req   7 → fulfillRandom (bound commit 9 already revealed)
[2m[14:20:58][0m [32m✓[0m   confirmed — onfCgYBzSMBmodcgfafQf4MzRrV57LD4VsGUkVJjaibgDSaRhqj
[2m[14:20:58][0m     https://tzkt.io/onfCgYBzSMBmodcgfafQf4MzRrV57LD4VsGUkVJjaibgDSaRhqj
